145
42 42 820 486
   0       0      0    -1   -1    2    3    1   -1   -1   -1
   1      42      0     0    2    3    4   -1   -1   -1   -1
   2       0     42    -1   -1    5    6    3    1    0   -1
   3      42     42     2    5    6    7    4   -1    1    0
   4      84     42     3    6    7   -1   -1   -1   -1    1
   5       0     84    -1   -1    8    9    6    3    2   -1
   6      42     84     5    8    9   10    7    4    3    2
   7      84     84     6    9   10   11   -1   -1    4    3
   8       0    126    -1   -1   14   15    9    6    5   -1
   9      42    126     8   14   15   16   10    7    6    5
  10      84    126     9   15   16   17   11   -1    7    6
  11     126    126    10   16   17   18   12   -1   -1    7
  12     168    126    11   17   18   19   13   -1   -1   -1
  13     210    126    12   18   19   20   -1   -1   -1   -1
  14       0    168    -1   -1   23   24   15    9    8   -1
  15      42    168    14   23   24   25   16   10    9    8
  16      84    168    15   24   25   26   17   11   10    9
  17     126    168    16   25   26   27   18   12   11   10
  18     168    168    17   26   27   28   19   13   12   11
  19     210    168    18   27   28   29   20   -1   13   12
  20     252    168    19   28   29   30   21   -1   -1   13
  21     294    168    20   29   30   31   22   -1   -1   -1
  22     336    168    21   30   31   32   -1   -1   -1   -1
  23       0    210    -1   -1   33   34   24   15   14   -1
  24      42    210    23   33   34   35   25   16   15   14
  25      84    210    24   34   35   36   26   17   16   15
  26     126    210    25   35   36   37   27   18   17   16
  27     168    210    26   36   37   38   28   19   18   17
  28     210    210    27   37   38   39   29   20   19   18
  29     252    210    28   38   39   40   30   21   20   19
  30     294    210    29   39   40   41   31   22   21   20
  31     336    210    30   40   41   42   32   -1   22   21
  32     378    210    31   41   42   43   -1   -1   -1   22
  33       0    252    -1   -1   45   46   34   24   23   -1
  34      42    252    33   45   46   47   35   25   24   23
  35      84    252    34   46   47   48   36   26   25   24
  36     126    252    35   47   48   49   37   27   26   25
  37     168    252    36   48   49   50   38   28   27   26
  38     210    252    37   49   50   51   39   29   28   27
  39     252    252    38   50   51   52   40   30   29   28
  40     294    252    39   51   52   53   41   31   30   29
  41     336    252    40   52   53   54   42   32   31   30
  42     378    252    41   53   54   55   43   -1   32   31
  43     420    252    42   54   55   56   -1   -1   -1   32
  44     798    252    -1   63   64   -1   -1   -1   -1   -1
  45       0    294    -1   -1   65   66   46   34   33   -1
  46      42    294    45   65   66   67   47   35   34   33
  47      84    294    46   66   67   68   48   36   35   34
  48     126    294    47   67   68   69   49   37   36   35
  49     168    294    48   68   69   70   50   38   37   36
  50     210    294    49   69   70   71   51   39   38   37
  51     252    294    50   70   71   72   52   40   39   38
  52     294    294    51   71   72   73   53   41   40   39
  53     336    294    52   72   73   74   54   42   41   40
  54     378    294    53   73   74   75   55   43   42   41
  55     420    294    54   74   75   76   56   -1   43   42
  56     462    294    55   75   76   77   57   -1   -1   43
  57     504    294    56   76   77   78   58   -1   -1   -1
  58     546    294    57   77   78   79   59   -1   -1   -1
  59     588    294    58   78   79   80   60   -1   -1   -1
  60     630    294    59   79   80   81   61   -1   -1   -1
  61     672    294    60   80   81   82   62   -1   -1   -1
  62     714    294    61   81   82   83   63   -1   -1   -1
  63     756    294    62   82   83   84   64   44   -1   -1
  64     798    294    63   83   84   -1   -1   -1   44   -1
  65       0    336    -1   -1   85   86   66   46   45   -1
  66      42    336    65   85   86   87   67   47   46   45
  67      84    336    66   86   87   88   68   48   47   46
  68     126    336    67   87   88   89   69   49   48   47
  69     168    336    68   88   89   90   70   50   49   48
  70     210    336    69   89   90   91   71   51   50   49
  71     252    336    70   90   91   92   72   52   51   50
  72     294    336    71   91   92   93   73   53   52   51
  73     336    336    72   92   93   94   74   54   53   52
  74     378    336    73   93   94   95   75   55   54   53
  75     420    336    74   94   95   96   76   56   55   54
  76     462    336    75   95   96   97   77   57   56   55
  77     504    336    76   96   97   98   78   58   57   56
  78     546    336    77   97   98   99   79   59   58   57
  79     588    336    78   98   99  100   80   60   59   58
  80     630    336    79   99  100  101   81   61   60   59
  81     672    336    80  100  101  102   82   62   61   60
  82     714    336    81  101  102  103   83   63   62   61
  83     756    336    82  102  103  104   84   64   63   62
  84     798    336    83  103  104   -1   -1   -1   64   63
  85       0    378    -1   -1  105  106   86   66   65   -1
  86      42    378    85  105  106  107   87   67   66   65
  87      84    378    86  106  107  108   88   68   67   66
  88     126    378    87  107  108  109   89   69   68   67
  89     168    378    88  108  109  110   90   70   69   68
  90     210    378    89  109  110  111   91   71   70   69
  91     252    378    90  110  111  112   92   72   71   70
  92     294    378    91  111  112  113   93   73   72   71
  93     336    378    92  112  113  114   94   74   73   72
  94     378    378    93  113  114  115   95   75   74   73
  95     420    378    94  114  115  116   96   76   75   74
  96     462    378    95  115  116  117   97   77   76   75
  97     504    378    96  116  117  118   98   78   77   76
  98     546    378    97  117  118  119   99   79   78   77
  99     588    378    98  118  119  120  100   80   79   78
 100     630    378    99  119  120  121  101   81   80   79
 101     672    378   100  120  121  122  102   82   81   80
 102     714    378   101  121  122  123  103   83   82   81
 103     756    378   102  122  123  124  104   84   83   82
 104     798    378   103  123  124   -1   -1   -1   84   83
 105       0    420    -1   -1  125  126  106   86   85   -1
 106      42    420   105  125  126  127  107   87   86   85
 107      84    420   106  126  127  128  108   88   87   86
 108     126    420   107  127  128  129  109   89   88   87
 109     168    420   108  128  129  130  110   90   89   88
 110     210    420   109  129  130  131  111   91   90   89
 111     252    420   110  130  131  132  112   92   91   90
 112     294    420   111  131  132  133  113   93   92   91
 113     336    420   112  132  133  134  114   94   93   92
 114     378    420   113  133  134  135  115   95   94   93
 115     420    420   114  134  135  136  116   96   95   94
 116     462    420   115  135  136  137  117   97   96   95
 117     504    420   116  136  137  138  118   98   97   96
 118     546    420   117  137  138  139  119   99   98   97
 119     588    420   118  138  139  140  120  100   99   98
 120     630    420   119  139  140  141  121  101  100   99
 121     672    420   120  140  141  142  122  102  101  100
 122     714    420   121  141  142  143  123  103  102  101
 123     756    420   122  142  143  144  124  104  103  102
 124     798    420   123  143  144   -1   -1   -1  104  103
 125       0    462    -1   -1   -1   -1  126  106  105   -1
 126      42    462   125   -1   -1   -1  127  107  106  105
 127      84    462   126   -1   -1   -1  128  108  107  106
 128     126    462   127   -1   -1   -1  129  109  108  107
 129     168    462   128   -1   -1   -1  130  110  109  108
 130     210    462   129   -1   -1   -1  131  111  110  109
 131     252    462   130   -1   -1   -1  132  112  111  110
 132     294    462   131   -1   -1   -1  133  113  112  111
 133     336    462   132   -1   -1   -1  134  114  113  112
 134     378    462   133   -1   -1   -1  135  115  114  113
 135     420    462   134   -1   -1   -1  136  116  115  114
 136     462    462   135   -1   -1   -1  137  117  116  115
 137     504    462   136   -1   -1   -1  138  118  117  116
 138     546    462   137   -1   -1   -1  139  119  118  117
 139     588    462   138   -1   -1   -1  140  120  119  118
 140     630    462   139   -1   -1   -1  141  121  120  119
 141     672    462   140   -1   -1   -1  142  122  121  120
 142     714    462   141   -1   -1   -1  143  123  122  121
 143     756    462   142   -1   -1   -1  144  124  123  122
 144     798    462   143   -1   -1   -1   -1   -1  124  123
