239
32 32 820 486
   0       0    -10    -1   -1    2    3    1   -1   -1   -1
   1      32    -10     0    2    3   -1   -1   -1   -1   -1
   2       0     22    -1   -1    5    6    3    1    0   -1
   3      32     22     2    5    6    7    4   -1    1    0
   4      64     22     3    6    7   -1   -1   -1   -1   -1
   5       0     54    -1   -1    8    9    6    3    2   -1
   6      32     54     5    8    9   10    7    4    3    2
   7      64     54     6    9   10   -1   -1   -1    4    3
   8       0     86    -1   -1   12   13    9    6    5   -1
   9      32     86     8   12   13   14   10    7    6    5
  10      64     86     9   13   14   15   11   -1    7    6
  11      96     86    10   14   15   -1   -1   -1   -1   -1
  12       0    118    -1   -1   16   17   13    9    8   -1
  13      32    118    12   16   17   18   14   10    9    8
  14      64    118    13   17   18   19   15   11   10    9
  15      96    118    14   18   19   -1   -1   -1   11   10
  16       0    150    -1   -1   25   26   17   13   12   -1
  17      32    150    16   25   26   27   18   14   13   12
  18      64    150    17   26   27   28   19   15   14   13
  19      96    150    18   27   28   29   20   -1   15   14
  20     128    150    19   28   29   -1   -1   -1   -1   -1
  21     160    150    -1   -1   30   31   22   -1   -1   -1
  22     192    150    21   30   31   32   23   -1   -1   -1
  23     224    150    22   31   32   33   24   -1   -1   -1
  24     256    150    23   32   33   -1   -1   -1   -1   -1
  25       0    182    -1   -1   36   37   26   17   16   -1
  26      32    182    25   36   37   38   27   18   17   16
  27      64    182    26   37   38   39   28   19   18   17
  28      96    182    27   38   39   40   29   20   19   18
  29     128    182    28   39   40   -1   -1   -1   20   19
  30     160    182    -1   -1   41   42   31   22   21   -1
  31     192    182    30   41   42   43   32   23   22   21
  32     224    182    31   42   43   44   33   24   23   22
  33     256    182    32   43   44   45   34   -1   24   23
  34     288    182    33   44   45   46   35   -1   -1   -1
  35     320    182    34   45   46   -1   -1   -1   -1   -1
  36       0    214    -1   -1   49   50   37   26   25   -1
  37      32    214    36   49   50   51   38   27   26   25
  38      64    214    37   50   51   52   39   28   27   26
  39      96    214    38   51   52   53   40   29   28   27
  40     128    214    39   52   53   54   41   -1   29   28
  41     160    214    40   53   54   -1   42   31   30   -1
  42     192    214    41   -1   55   56   43   32   31   30
  43     224    214    42   55   56   57   44   33   32   31
  44     256    214    43   56   57   58   45   34   33   32
  45     288    214    44   57   58   59   46   35   34   33
  46     320    214    45   58   59   60   47   -1   35   34
  47     352    214    46   59   60   61   48   -1   -1   -1
  48     384    214    47   60   61   -1   -1   -1   -1   -1
  49       0    246    -1   -1   63   64   50   37   36   -1
  50      32    246    49   63   64   65   51   38   37   36
  51      64    246    50   64   65   66   52   39   38   37
  52      96    246    51   65   66   67   53   40   39   38
  53     128    246    52   66   67   68   54   41   40   39
  54     160    246    53   67   68   -1   -1   -1   41   40
  55     192    246    -1   -1   -1   -1   56   43   42   -1
  56     224    246    55   -1   70   71   57   44   43   42
  57     256    246    56   70   71   72   58   45   44   43
  58     288    246    57   71   72   73   59   46   45   44
  59     320    246    58   72   73   74   60   47   46   45
  60     352    246    59   73   74   75   61   48   47   46
  61     384    246    60   74   75   76   62   -1   48   47
  62     416    246    61   75   76   -1   -1   -1   -1   -1
  63       0    278    -1   -1   83   84   64   50   49   -1
  64      32    278    63   83   84   85   65   51   50   49
  65      64    278    64   84   85   86   66   52   51   50
  66      96    278    65   85   86   87   67   53   52   51
  67     128    278    66   86   87   88   68   54   53   52
  68     160    278    67   87   88   89   69   -1   54   53
  69     192    278    68   88   89   -1   -1   -1   -1   -1
  70     224    278    -1   -1   90   91   71   57   56   -1
  71     256    278    70   90   91   92   72   58   57   56
  72     288    278    71   91   92   93   73   59   58   57
  73     320    278    72   92   93   94   74   60   59   58
  74     352    278    73   93   94   95   75   61   60   59
  75     384    278    74   94   95   96   76   62   61   60
  76     416    278    75   95   96   97   77   -1   62   61
  77     448    278    76   96   97   98   78   -1   -1   -1
  78     480    278    77   97   98   -1   -1   -1   -1   -1
  79     704    278    -1   -1  105  106   80   -1   -1   -1
  80     736    278    79  105  106  107   81   -1   -1   -1
  81     768    278    80  106  107  108   82   -1   -1   -1
  82     800    278    81  107  108   -1   -1   -1   -1   -1
  83       0    310    -1   -1  109  110   84   64   63   -1
  84      32    310    83  109  110  111   85   65   64   63
  85      64    310    84  110  111  112   86   66   65   64
  86      96    310    85  111  112  113   87   67   66   65
  87     128    310    86  112  113  114   88   68   67   66
  88     160    310    87  113  114  115   89   69   68   67
  89     192    310    88  114  115  116   90   -1   69   68
  90     224    310    89  115  116  117   91   71   70   -1
  91     256    310    90  116  117  118   92   72   71   70
  92     288    310    91  117  118  119   93   73   72   71
  93     320    310    92  118  119  120   94   74   73   72
  94     352    310    93  119  120  121   95   75   74   73
  95     384    310    94  120  121  122   96   76   75   74
  96     416    310    95  121  122  123   97   77   76   75
  97     448    310    96  122  123  124   98   78   77   76
  98     480    310    97  123  124  125   99   -1   78   77
  99     512    310    98  124  125  126  100   -1   -1   -1
 100     544    310    99  125  126  127  101   -1   -1   -1
 101     576    310   100  126  127  128  102   -1   -1   -1
 102     608    310   101  127  128  129  103   -1   -1   -1
 103     640    310   102  128  129  130  104   -1   -1   -1
 104     672    310   103  129  130  131  105   -1   -1   -1
 105     704    310   104  130  131  132  106   80   79   -1
 106     736    310   105  131  132  133  107   81   80   79
 107     768    310   106  132  133  134  108   82   81   80
 108     800    310   107  133  134   -1   -1   -1   82   81
 109       0    342    -1   -1  135  136  110   84   83   -1
 110      32    342   109  135  136  137  111   85   84   83
 111      64    342   110  136  137  138  112   86   85   84
 112      96    342   111  137  138  139  113   87   86   85
 113     128    342   112  138  139  140  114   88   87   86
 114     160    342   113  139  140  141  115   89   88   87
 115     192    342   114  140  141  142  116   90   89   88
 116     224    342   115  141  142  143  117   91   90   89
 117     256    342   116  142  143  144  118   92   91   90
 118     288    342   117  143  144  145  119   93   92   91
 119     320    342   118  144  145  146  120   94   93   92
 120     352    342   119  145  146  147  121   95   94   93
 121     384    342   120  146  147  148  122   96   95   94
 122     416    342   121  147  148  149  123   97   96   95
 123     448    342   122  148  149  150  124   98   97   96
 124     480    342   123  149  150  151  125   99   98   97
 125     512    342   124  150  151   -1  126  100   99   98
 126     544    342   125   -1  152   -1  127  101  100   99
 127     576    342   126   -1   -1   -1  128  102  101  100
 128     608    342   127   -1  154  155  129  103  102  101
 129     640    342   128  154  155  156  130  104  103  102
 130     672    342   129  155  156  157  131  105  104  103
 131     704    342   130  156  157  158  132  106  105  104
 132     736    342   131  157  158  159  133  107  106  105
 133     768    342   132  158  159  160  134  108  107  106
 134     800    342   133  159  160   -1   -1   -1  108  107
 135       0    374    -1   -1  161  162  136  110  109   -1
 136      32    374   135  161  162  163  137  111  110  109
 137      64    374   136  162  163  164  138  112  111  110
 138      96    374   137  163  164  165  139  113  112  111
 139     128    374   138  164  165  166  140  114  113  112
 140     160    374   139  165  166  167  141  115  114  113
 141     192    374   140  166  167  168  142  116  115  114
 142     224    374   141  167  168  169  143  117  116  115
 143     256    374   142  168  169  170  144  118  117  116
 144     288    374   143  169  170  171  145  119  118  117
 145     320    374   144  170  171  172  146  120  119  118
 146     352    374   145  171  172  173  147  121  120  119
 147     384    374   146  172  173  174  148  122  121  120
 148     416    374   147  173  174  175  149  123  122  121
 149     448    374   148  174  175  176  150  124  123  122
 150     480    374   149  175  176  177  151  125  124  123
 151     512    374   150  176  177  178  152   -1  125  124
 152     544    374   151  177  178  179  153   -1  126   -1
 153     576    374   152  178  179  180  154   -1   -1   -1
 154     608    374   153  179  180  181  155  129  128   -1
 155     640    374   154  180  181  182  156  130  129  128
 156     672    374   155  181  182  183  157  131  130  129
 157     704    374   156  182  183  184  158  132  131  130
 158     736    374   157  183  184  185  159  133  132  131
 159     768    374   158  184  185  186  160  134  133  132
 160     800    374   159  185  186   -1   -1   -1  134  133
 161       0    406    -1   -1  187  188  162  136  135   -1
 162      32    406   161  187  188  189  163  137  136  135
 163      64    406   162  188  189  190  164  138  137  136
 164      96    406   163  189  190  191  165  139  138  137
 165     128    406   164  190  191  192  166  140  139  138
 166     160    406   165  191  192  193  167  141  140  139
 167     192    406   166  192  193  194  168  142  141  140
 168     224    406   167  193  194  195  169  143  142  141
 169     256    406   168  194  195  196  170  144  143  142
 170     288    406   169  195  196  197  171  145  144  143
 171     320    406   170  196  197  198  172  146  145  144
 172     352    406   171  197  198  199  173  147  146  145
 173     384    406   172  198  199  200  174  148  147  146
 174     416    406   173  199  200  201  175  149  148  147
 175     448    406   174  200  201  202  176  150  149  148
 176     480    406   175  201  202  203  177  151  150  149
 177     512    406   176  202  203  204  178  152  151  150
 178     544    406   177  203  204  205  179  153  152  151
 179     576    406   178  204  205  206  180  154  153  152
 180     608    406   179  205  206  207  181  155  154  153
 181     640    406   180  206  207  208  182  156  155  154
 182     672    406   181  207  208  209  183  157  156  155
 183     704    406   182  208  209  210  184  158  157  156
 184     736    406   183  209  210  211  185  159  158  157
 185     768    406   184  210  211  212  186  160  159  158
 186     800    406   185  211  212   -1   -1   -1  160  159
 187       0    438    -1   -1  213  214  188  162  161   -1
 188      32    438   187  213  214  215  189  163  162  161
 189      64    438   188  214  215  216  190  164  163  162
 190      96    438   189  215  216  217  191  165  164  163
 191     128    438   190  216  217  218  192  166  165  164
 192     160    438   191  217  218  219  193  167  166  165
 193     192    438   192  218  219  220  194  168  167  166
 194     224    438   193  219  220  221  195  169  168  167
 195     256    438   194  220  221  222  196  170  169  168
 196     288    438   195  221  222  223  197  171  170  169
 197     320    438   196  222  223  224  198  172  171  170
 198     352    438   197  223  224  225  199  173  172  171
 199     384    438   198  224  225  226  200  174  173  172
 200     416    438   199  225  226  227  201  175  174  173
 201     448    438   200  226  227  228  202  176  175  174
 202     480    438   201  227  228  229  203  177  176  175
 203     512    438   202  228  229  230  204  178  177  176
 204     544    438   203  229  230  231  205  179  178  177
 205     576    438   204  230  231  232  206  180  179  178
 206     608    438   205  231  232  233  207  181  180  179
 207     640    438   206  232  233  234  208  182  181  180
 208     672    438   207  233  234  235  209  183  182  181
 209     704    438   208  234  235  236  210  184  183  182
 210     736    438   209  235  236  237  211  185  184  183
 211     768    438   210  236  237  238  212  186  185  184
 212     800    438   211  237  238   -1   -1   -1  186  185
 213       0    470    -1   -1   -1   -1  214  188  187   -1
 214      32    470   213   -1   -1   -1  215  189  188  187
 215      64    470   214   -1   -1   -1  216  190  189  188
 216      96    470   215   -1   -1   -1  217  191  190  189
 217     128    470   216   -1   -1   -1  218  192  191  190
 218     160    470   217   -1   -1   -1  219  193  192  191
 219     192    470   218   -1   -1   -1  220  194  193  192
 220     224    470   219   -1   -1   -1  221  195  194  193
 221     256    470   220   -1   -1   -1  222  196  195  194
 222     288    470   221   -1   -1   -1  223  197  196  195
 223     320    470   222   -1   -1   -1  224  198  197  196
 224     352    470   223   -1   -1   -1  225  199  198  197
 225     384    470   224   -1   -1   -1  226  200  199  198
 226     416    470   225   -1   -1   -1  227  201  200  199
 227     448    470   226   -1   -1   -1  228  202  201  200
 228     480    470   227   -1   -1   -1  229  203  202  201
 229     512    470   228   -1   -1   -1  230  204  203  202
 230     544    470   229   -1   -1   -1  231  205  204  203
 231     576    470   230   -1   -1   -1  232  206  205  204
 232     608    470   231   -1   -1   -1  233  207  206  205
 233     640    470   232   -1   -1   -1  234  208  207  206
 234     672    470   233   -1   -1   -1  235  209  208  207
 235     704    470   234   -1   -1   -1  236  210  209  208
 236     736    470   235   -1   -1   -1  237  211  210  209
 237     768    470   236   -1   -1   -1  238  212  211  210
 238     800    470   237   -1   -1   -1   -1   -1  212  211
